/users/mjr583/scratch/python_environments/envs/my_env/lib/python3.7/site-packages/statsmodels/tools/_testing.py:19: FutureWarning: pandas.util.testing is deprecated. Use the functions in the public API at pandas.testing instead.
  import pandas.util.testing as tm

============================
 Job utilisation efficiency
============================

Job ID: 9922434
Array Job ID: 9922399_35
Cluster: viking
User/Group: mjr583/clusterusers
State: RUNNING
Cores: 1
CPU Utilized: 00:00:00
CPU Efficiency: 0.00% of 00:00:24 core-walltime
Job Wall-clock time: 00:00:24
Memory Utilized: 0.00 MB (estimated maximum)
Memory Efficiency: 0.00% of 10.00 GB (10.00 GB/node)
WARNING: Efficiency statistics may be misleading for RUNNING jobs.
 Requested wall clock time: 00:05:00
    Actual wall clock time: 00:00:23
Wall clock time efficiency: 7.7%
           Job queued time: 00:00:21
