/users/mjr583/scratch/python_environments/envs/my_env/lib/python3.7/site-packages/statsmodels/tools/_testing.py:19: FutureWarning: pandas.util.testing is deprecated. Use the functions in the public API at pandas.testing instead.
  import pandas.util.testing as tm

============================
 Job utilisation efficiency
============================

Job ID: 9922717
Array Job ID: 9922399_317
Cluster: viking
User/Group: mjr583/clusterusers
State: COMPLETED (exit code 0)
Cores: 1
CPU Utilized: 00:00:22
CPU Efficiency: 75.86% of 00:00:29 core-walltime
Job Wall-clock time: 00:00:29
Memory Utilized: 1.30 MB
Memory Efficiency: 0.01% of 10.00 GB
 Requested wall clock time: 00:05:00
    Actual wall clock time: 00:00:29
Wall clock time efficiency: 9.7%
           Job queued time: 00:00:57
