/users/mjr583/scratch/python_environments/envs/my_env/lib/python3.7/site-packages/statsmodels/tools/_testing.py:19: FutureWarning: pandas.util.testing is deprecated. Use the functions in the public API at pandas.testing instead.
  import pandas.util.testing as tm

============================
 Job utilisation efficiency
============================

Job ID: 9922464
Array Job ID: 9922399_65
Cluster: viking
User/Group: mjr583/clusterusers
State: COMPLETED (exit code 0)
Cores: 1
CPU Utilized: 00:00:27
CPU Efficiency: 79.41% of 00:00:34 core-walltime
Job Wall-clock time: 00:00:34
Memory Utilized: 2.38 GB
Memory Efficiency: 23.75% of 10.00 GB
 Requested wall clock time: 00:05:00
    Actual wall clock time: 00:00:34
Wall clock time efficiency: 11.3%
           Job queued time: 00:00:21
