/users/mjr583/scratch/python_environments/envs/my_env/lib/python3.7/site-packages/statsmodels/tools/_testing.py:19: FutureWarning: pandas.util.testing is deprecated. Use the functions in the public API at pandas.testing instead.
  import pandas.util.testing as tm

============================
 Job utilisation efficiency
============================

Job ID: 9935838
Array Job ID: 9935645_189
Cluster: viking
User/Group: mjr583/clusterusers
State: COMPLETED (exit code 0)
Cores: 1
CPU Utilized: 00:00:26
CPU Efficiency: 46.43% of 00:00:56 core-walltime
Job Wall-clock time: 00:00:56
Memory Utilized: 1.34 GB
Memory Efficiency: 6.71% of 20.00 GB
 Requested wall clock time: 00:02:00
    Actual wall clock time: 00:00:56
Wall clock time efficiency: 46.7%
           Job queued time: 00:00:56
