/users/mjr583/scratch/python_environments/envs/my_env/lib/python3.7/site-packages/statsmodels/tools/_testing.py:19: FutureWarning: pandas.util.testing is deprecated. Use the functions in the public API at pandas.testing instead.
  import pandas.util.testing as tm

============================
 Job utilisation efficiency
============================

Job ID: 9935843
Array Job ID: 9935645_194
Cluster: viking
User/Group: mjr583/clusterusers
State: COMPLETED (exit code 0)
Cores: 1
CPU Utilized: 00:00:25
CPU Efficiency: 42.37% of 00:00:59 core-walltime
Job Wall-clock time: 00:00:59
Memory Utilized: 1.23 GB
Memory Efficiency: 6.16% of 20.00 GB
 Requested wall clock time: 00:02:00
    Actual wall clock time: 00:00:59
Wall clock time efficiency: 49.2%
           Job queued time: 00:00:56
